SF:lib\models\model_tarea.dart
DA:8,3
DA:15,1
DA:16,1
DA:17,1
DA:18,1
DA:19,1
DA:20,1
DA:24,1
DA:25,1
DA:26,1
DA:27,1
DA:28,1
DA:29,1
LF:13
LH:13
end_of_record
SF:lib\providers\tarea_prov.dart
DA:9,1
DA:11,2
DA:13,1
DA:14,1
DA:15,1
DA:18,1
DA:19,3
DA:20,1
DA:23,1
DA:25,2
DA:26,3
DA:27,1
DA:30,0
DA:35,1
DA:36,2
DA:37,6
DA:38,2
DA:39,2
DA:40,1
DA:45,1
DA:47,2
DA:48,5
DA:49,1
DA:51,0
LF:24
LH:22
end_of_record
SF:lib\services\api_service.dart
DA:8,0
DA:10,0
DA:11,0
DA:12,0
DA:13,0
DA:14,0
DA:16,0
DA:20,0
DA:21,0
DA:22,0
DA:23,0
DA:24,0
DA:25,0
DA:26,0
DA:27,0
DA:30,0
DA:31,0
DA:32,0
DA:34,0
DA:38,0
DA:39,0
DA:40,0
DA:41,0
DA:42,0
DA:43,0
DA:44,0
DA:45,0
DA:48,0
DA:49,0
DA:51,0
DA:55,0
DA:56,0
DA:57,0
DA:58,0
LF:34
LH:0
end_of_record
SF:lib\widgets\tarea_form.dart
DA:8,1
DA:10,1
DA:11,1
DA:16,1
DA:17,1
DA:19,1
DA:21,1
DA:22,2
DA:23,0
DA:24,0
DA:28,1
DA:29,3
DA:30,3
DA:31,4
DA:32,1
DA:33,2
DA:34,1
DA:35,1
DA:36,2
DA:38,3
DA:42,1
DA:44,1
DA:45,1
DA:46,1
DA:47,1
DA:48,1
DA:49,1
DA:51,1
DA:52,2
DA:55,3
DA:60,2
DA:62,1
DA:63,1
DA:69,1
DA:70,2
DA:73,3
DA:78,2
DA:80,1
DA:81,1
DA:82,1
DA:85,1
DA:86,2
LF:42
LH:40
end_of_record
